PS D:\devel\GIT\DailyCodingChallenge> pipenv run python .\tests.py
Loading .env environment variables...
Unittest commences for D:\devel\GIT\DailyCodingChallenge\archive_test_reports.py
=================================================================================== test session starts ====================================================================================
platform win32 -- Python 3.7.8, pytest-6.2.5, py-1.11.0, pluggy-1.0.0 -- C:\Users\markn\.virtualenvs\DailyCodingChallenge-OQHayZge\Scripts\python.EXE
cachedir: .pytest_cache
rootdir: D:\devel\GIT\DailyCodingChallenge
collected 0 items

--------------------------------------------------- generated xml file: D:\devel\GIT\DailyCodingChallenge\test_reports\test_results.xml ----------------------------------------------------
================================================================================== no tests ran in 0.01s ===================================================================================
Unittest commences for D:\devel\GIT\DailyCodingChallenge\codechallenge_001.py
=================================================================================== test session starts ====================================================================================
platform win32 -- Python 3.7.8, pytest-6.2.5, py-1.11.0, pluggy-1.0.0 -- C:\Users\markn\.virtualenvs\DailyCodingChallenge-OQHayZge\Scripts\python.EXE
cachedir: .pytest_cache
rootdir: D:\devel\GIT\DailyCodingChallenge
collected 2 items

codechallenge_001.py::test_BruteForceCode Elapsed time: 0.0 mili-secs
PASSED
codechallenge_001.py::test_BonusCode Elapsed time: 0.0 mili-secs
PASSED

--------------------------------------------------- generated xml file: D:\devel\GIT\DailyCodingChallenge\test_reports\test_results.xml ---------------------------------------------------- 
==================================================================================== 2 passed in 0.02s ===================================================================================== 
Unittest commences for D:\devel\GIT\DailyCodingChallenge\codechallenge_002.py
=================================================================================== test session starts ====================================================================================
platform win32 -- Python 3.7.8, pytest-6.2.5, py-1.11.0, pluggy-1.0.0 -- C:\Users\markn\.virtualenvs\DailyCodingChallenge-OQHayZge\Scripts\python.EXE
cachedir: .pytest_cache
rootdir: D:\devel\GIT\DailyCodingChallenge
collected 1 item                                                                                                                                                                             

codechallenge_002.py::test_code [2, 3, 6]
[120, 60, 40, 30, 24]
PASSED

--------------------------------------------------- generated xml file: D:\devel\GIT\DailyCodingChallenge\test_reports\test_results.xml ---------------------------------------------------- 
==================================================================================== 1 passed in 0.01s ===================================================================================== 
Unittest commences for D:\devel\GIT\DailyCodingChallenge\codechallenge_003.py
=================================================================================== test session starts ====================================================================================
platform win32 -- Python 3.7.8, pytest-6.2.5, py-1.11.0, pluggy-1.0.0 -- C:\Users\markn\.virtualenvs\DailyCodingChallenge-OQHayZge\Scripts\python.EXE
cachedir: .pytest_cache
rootdir: D:\devel\GIT\DailyCodingChallenge
collected 0 items

--------------------------------------------------- generated xml file: D:\devel\GIT\DailyCodingChallenge\test_reports\test_results.xml ---------------------------------------------------- 
================================================================================== no tests ran in 0.01s =================================================================================== 
Unittest commences for D:\devel\GIT\DailyCodingChallenge\codechallenge_004.py
=================================================================================== test session starts ====================================================================================
platform win32 -- Python 3.7.8, pytest-6.2.5, py-1.11.0, pluggy-1.0.0 -- C:\Users\markn\.virtualenvs\DailyCodingChallenge-OQHayZge\Scripts\python.EXE
cachedir: .pytest_cache
rootdir: D:\devel\GIT\DailyCodingChallenge
collected 1 item                                                                                                                                                                             

codechallenge_004.py::test_code Elasped time running firstFirstMissing() is 0.0
Elasped time running firstMissingValA() is 0.0
Elasped time running firstMissingValB() is 0.0
PASSED

--------------------------------------------------- generated xml file: D:\devel\GIT\DailyCodingChallenge\test_reports\test_results.xml ---------------------------------------------------- 
==================================================================================== 1 passed in 0.01s ===================================================================================== 
Unittest commences for D:\devel\GIT\DailyCodingChallenge\codechallenge_005.py
=================================================================================== test session starts ====================================================================================
platform win32 -- Python 3.7.8, pytest-6.2.5, py-1.11.0, pluggy-1.0.0 -- C:\Users\markn\.virtualenvs\DailyCodingChallenge-OQHayZge\Scripts\python.EXE
cachedir: .pytest_cache
rootdir: D:\devel\GIT\DailyCodingChallenge
collected 2 items

codechallenge_005.py::test_addDigitsInLinkedLists PASSED
codechallenge_005.py::test_addLinkedList PASSED

--------------------------------------------------- generated xml file: D:\devel\GIT\DailyCodingChallenge\test_reports\test_results.xml ---------------------------------------------------- 
==================================================================================== 2 passed in 0.02s ===================================================================================== 
Unittest commences for D:\devel\GIT\DailyCodingChallenge\codechallenge_006.py
=================================================================================== test session starts ====================================================================================
platform win32 -- Python 3.7.8, pytest-6.2.5, py-1.11.0, pluggy-1.0.0 -- C:\Users\markn\.virtualenvs\DailyCodingChallenge-OQHayZge\Scripts\python.EXE
cachedir: .pytest_cache
rootdir: D:\devel\GIT\DailyCodingChallenge
collected 1 item                                                                                                                                                                             

codechallenge_006.py::test_code PASSED

--------------------------------------------------- generated xml file: D:\devel\GIT\DailyCodingChallenge\test_reports\test_results.xml ---------------------------------------------------- 
==================================================================================== 1 passed in 0.01s ===================================================================================== 
Unittest commences for D:\devel\GIT\DailyCodingChallenge\codechallenge_007.py
=================================================================================== test session starts ====================================================================================
platform win32 -- Python 3.7.8, pytest-6.2.5, py-1.11.0, pluggy-1.0.0 -- C:\Users\markn\.virtualenvs\DailyCodingChallenge-OQHayZge\Scripts\python.EXE
cachedir: .pytest_cache
rootdir: D:\devel\GIT\DailyCodingChallenge
collecting ... [4, 7, 8]
[3, 1, 6]
[7, 5, 7]
[3, 2, 8]
[3, 1, 4]
colors:  [0, 1, 0, 1, 0] total cost:  17
colors:  [0, 1, 0, 1, 2] total cost:  18
colors:  [0, 1, 0, 2, 0] total cost:  23
colors:  [0, 1, 0, 2, 1] total cost:  21
colors:  [0, 1, 2, 0, 1] total cost:  16
colors:  [0, 1, 2, 0, 2] total cost:  19
colors:  [0, 1, 2, 1, 0] total cost:  17
colors:  [0, 1, 2, 1, 2] total cost:  18
colors:  [0, 2, 0, 1, 0] total cost:  22
colors:  [0, 2, 0, 1, 2] total cost:  23
colors:  [0, 2, 0, 2, 0] total cost:  28
colors:  [0, 2, 0, 2, 1] total cost:  26
colors:  [0, 2, 1, 0, 1] total cost:  19
colors:  [0, 2, 1, 0, 2] total cost:  22
colors:  [0, 2, 1, 2, 0] total cost:  26
colors:  [0, 2, 1, 2, 1] total cost:  24
colors:  [1, 0, 1, 0, 1] total cost:  19
colors:  [1, 0, 1, 0, 2] total cost:  22
colors:  [1, 0, 1, 2, 0] total cost:  26
colors:  [1, 0, 1, 2, 1] total cost:  24
colors:  [1, 0, 2, 0, 1] total cost:  21
colors:  [1, 0, 2, 0, 2] total cost:  24
colors:  [1, 0, 2, 1, 0] total cost:  22
colors:  [1, 0, 2, 1, 2] total cost:  23
colors:  [1, 2, 0, 1, 0] total cost:  25
colors:  [1, 2, 0, 1, 2] total cost:  26
colors:  [1, 2, 0, 2, 0] total cost:  31
colors:  [1, 2, 0, 2, 1] total cost:  29
colors:  [1, 2, 1, 0, 1] total cost:  22
colors:  [1, 2, 1, 0, 2] total cost:  25
colors:  [1, 2, 1, 2, 0] total cost:  29
colors:  [1, 2, 1, 2, 1] total cost:  27
colors:  [2, 0, 1, 0, 1] total cost:  20
colors:  [2, 0, 1, 0, 2] total cost:  23
colors:  [2, 0, 1, 2, 0] total cost:  27
colors:  [2, 0, 1, 2, 1] total cost:  25
colors:  [2, 0, 2, 0, 1] total cost:  22
colors:  [2, 0, 2, 0, 2] total cost:  25
colors:  [2, 0, 2, 1, 0] total cost:  23
colors:  [2, 0, 2, 1, 2] total cost:  24
colors:  [2, 1, 0, 1, 0] total cost:  21
colors:  [2, 1, 0, 1, 2] total cost:  22
colors:  [2, 1, 0, 2, 0] total cost:  27
colors:  [2, 1, 0, 2, 1] total cost:  25
colors:  [2, 1, 2, 0, 1] total cost:  20
colors:  [2, 1, 2, 0, 2] total cost:  23
colors:  [2, 1, 2, 1, 0] total cost:  21
colors:  [2, 1, 2, 1, 2] total cost:  22
Number of ways of painting n=5 houses 48
Min cost of 16 is achieved by coloring houses this way 0_1_2_0_1
Where,
        color code: 0 color: BambooGreen
        color code: 1 color: LondonFog
        color code: 2 color: ArizonaBrown
        color code: 0 color: BambooGreen
        color code: 1 color: LondonFog
collected 0 items                                                                                                                                                                            

--------------------------------------------------- generated xml file: D:\devel\GIT\DailyCodingChallenge\test_reports\test_results.xml ---------------------------------------------------- 
================================================================================== no tests ran in 0.02s =================================================================================== 
Unittest commences for D:\devel\GIT\DailyCodingChallenge\codechallenge_008.py
=================================================================================== test session starts ====================================================================================
platform win32 -- Python 3.7.8, pytest-6.2.5, py-1.11.0, pluggy-1.0.0 -- C:\Users\markn\.virtualenvs\DailyCodingChallenge-OQHayZge\Scripts\python.EXE
cachedir: .pytest_cache
rootdir: D:\devel\GIT\DailyCodingChallenge
collected 1 item                                                                                                                                                                             

codechallenge_008.py::test_code Elapsed time: 0.0
PASSED

--------------------------------------------------- generated xml file: D:\devel\GIT\DailyCodingChallenge\test_reports\test_results.xml ---------------------------------------------------- 
==================================================================================== 1 passed in 0.01s ===================================================================================== 
Unittest commences for D:\devel\GIT\DailyCodingChallenge\codechallenge_009.py
=================================================================================== test session starts ====================================================================================
platform win32 -- Python 3.7.8, pytest-6.2.5, py-1.11.0, pluggy-1.0.0 -- C:\Users\markn\.virtualenvs\DailyCodingChallenge-OQHayZge\Scripts\python.EXE
cachedir: .pytest_cache
rootdir: D:\devel\GIT\DailyCodingChallenge
collected 1 item                                                                                                                                                                             

codechallenge_009.py::test_code PASSED

--------------------------------------------------- generated xml file: D:\devel\GIT\DailyCodingChallenge\test_reports\test_results.xml ---------------------------------------------------- 
==================================================================================== 1 passed in 0.01s ===================================================================================== 
Unittest commences for D:\devel\GIT\DailyCodingChallenge\codechallenge_010.py
=================================================================================== test session starts ====================================================================================
platform win32 -- Python 3.7.8, pytest-6.2.5, py-1.11.0, pluggy-1.0.0 -- C:\Users\markn\.virtualenvs\DailyCodingChallenge-OQHayZge\Scripts\python.EXE
cachedir: .pytest_cache
rootdir: D:\devel\GIT\DailyCodingChallenge
collected 1 item

codechallenge_010.py::test_code PASSED

--------------------------------------------------- generated xml file: D:\devel\GIT\DailyCodingChallenge\test_reports\test_results.xml ---------------------------------------------------- 
==================================================================================== 1 passed in 0.01s ===================================================================================== 
Unittest commences for D:\devel\GIT\DailyCodingChallenge\codechallenge_011.py
=================================================================================== test session starts ====================================================================================
platform win32 -- Python 3.7.8, pytest-6.2.5, py-1.11.0, pluggy-1.0.0 -- C:\Users\markn\.virtualenvs\DailyCodingChallenge-OQHayZge\Scripts\python.EXE
cachedir: .pytest_cache
rootdir: D:\devel\GIT\DailyCodingChallenge
collected 1 item                                                                                                                                                                             

codechallenge_011.py::test_code  -> (3,0) -> (2,0) -> (2,1) -> (2,2) -> (1,2) -> (0,2) -> (0,1) -> (0,0)
 -> (3,0) -> (3,1) -> (3,2) -> (3,3)
PASSED

--------------------------------------------------- generated xml file: D:\devel\GIT\DailyCodingChallenge\test_reports\test_results.xml ---------------------------------------------------- 
==================================================================================== 1 passed in 0.01s ===================================================================================== 
Unittest commences for D:\devel\GIT\DailyCodingChallenge\codechallenge_012.py
=================================================================================== test session starts ====================================================================================
platform win32 -- Python 3.7.8, pytest-6.2.5, py-1.11.0, pluggy-1.0.0 -- C:\Users\markn\.virtualenvs\DailyCodingChallenge-OQHayZge\Scripts\python.EXE
cachedir: .pytest_cache
rootdir: D:\devel\GIT\DailyCodingChallenge
collected 1 item                                                                                                                                                                             

codechallenge_012.py::TestJustifier::test_code PASSED

--------------------------------------------------- generated xml file: D:\devel\GIT\DailyCodingChallenge\test_reports\test_results.xml ---------------------------------------------------- 
==================================================================================== 1 passed in 0.01s ===================================================================================== 
Unittest commences for D:\devel\GIT\DailyCodingChallenge\codechallenge_013.py
=================================================================================== test session starts ====================================================================================
platform win32 -- Python 3.7.8, pytest-6.2.5, py-1.11.0, pluggy-1.0.0 -- C:\Users\markn\.virtualenvs\DailyCodingChallenge-OQHayZge\Scripts\python.EXE
cachedir: .pytest_cache
rootdir: D:\devel\GIT\DailyCodingChallenge
collected 1 item                                                                                                                                                                             

codechallenge_013.py::test_code PASSED

--------------------------------------------------- generated xml file: D:\devel\GIT\DailyCodingChallenge\test_reports\test_results.xml ---------------------------------------------------- 
==================================================================================== 1 passed in 0.01s ===================================================================================== 
Unittest commences for D:\devel\GIT\DailyCodingChallenge\codechallenge_015.py
=================================================================================== test session starts ====================================================================================
platform win32 -- Python 3.7.8, pytest-6.2.5, py-1.11.0, pluggy-1.0.0 -- C:\Users\markn\.virtualenvs\DailyCodingChallenge-OQHayZge\Scripts\python.EXE
cachedir: .pytest_cache
rootdir: D:\devel\GIT\DailyCodingChallenge
collected 0 items                                                                                                                                                                            

--------------------------------------------------- generated xml file: D:\devel\GIT\DailyCodingChallenge\test_reports\test_results.xml ---------------------------------------------------- 
================================================================================== no tests ran in 0.01s =================================================================================== 
Unittest commences for D:\devel\GIT\DailyCodingChallenge\codechallenge_016.py
=================================================================================== test session starts ====================================================================================
platform win32 -- Python 3.7.8, pytest-6.2.5, py-1.11.0, pluggy-1.0.0 -- C:\Users\markn\.virtualenvs\DailyCodingChallenge-OQHayZge\Scripts\python.EXE
cachedir: .pytest_cache
rootdir: D:\devel\GIT\DailyCodingChallenge
collected 1 item                                                                                                                                                                             

codechallenge_016.py::test_code PASSED

--------------------------------------------------- generated xml file: D:\devel\GIT\DailyCodingChallenge\test_reports\test_results.xml ---------------------------------------------------- 
==================================================================================== 1 passed in 0.01s ===================================================================================== 
Unittest commences for D:\devel\GIT\DailyCodingChallenge\codechallenge_017.py
=================================================================================== test session starts ====================================================================================
platform win32 -- Python 3.7.8, pytest-6.2.5, py-1.11.0, pluggy-1.0.0 -- C:\Users\markn\.virtualenvs\DailyCodingChallenge-OQHayZge\Scripts\python.EXE
cachedir: .pytest_cache
rootdir: D:\devel\GIT\DailyCodingChallenge
collected 1 item

codechallenge_017.py::TestArbitrage::test_code Step1: Trade 1000000 USD for 783992.0000000001 British Pound
Step2: Trade 783992.0000000001 British Pound for 85893022.81164001 Japanese Yen
Step3: Trade 85893022.81164001 Japanese Yen back to 1007155.9183265896 USD
PASSED

--------------------------------------------------- generated xml file: D:\devel\GIT\DailyCodingChallenge\test_reports\test_results.xml ---------------------------------------------------- 
==================================================================================== 1 passed in 0.01s ===================================================================================== 
Unittest commences for D:\devel\GIT\DailyCodingChallenge\codechallenge_018.py
=================================================================================== test session starts ====================================================================================
platform win32 -- Python 3.7.8, pytest-6.2.5, py-1.11.0, pluggy-1.0.0 -- C:\Users\markn\.virtualenvs\DailyCodingChallenge-OQHayZge\Scripts\python.EXE
cachedir: .pytest_cache
rootdir: D:\devel\GIT\DailyCodingChallenge
collected 1 item                                                                                                                                                                             

codechallenge_018.py::test_code 2
1.5
2
3.5
2
2.0
2
PASSED

--------------------------------------------------- generated xml file: D:\devel\GIT\DailyCodingChallenge\test_reports\test_results.xml ---------------------------------------------------- 
==================================================================================== 1 passed in 0.01s ===================================================================================== 
Unittest commences for D:\devel\GIT\DailyCodingChallenge\codechallenge_019.py
=================================================================================== test session starts ====================================================================================
platform win32 -- Python 3.7.8, pytest-6.2.5, py-1.11.0, pluggy-1.0.0 -- C:\Users\markn\.virtualenvs\DailyCodingChallenge-OQHayZge\Scripts\python.EXE
cachedir: .pytest_cache
rootdir: D:\devel\GIT\DailyCodingChallenge
collected 1 item                                                                                                                                                                             

codechallenge_019.py::test_palindrome PASSED

--------------------------------------------------- generated xml file: D:\devel\GIT\DailyCodingChallenge\test_reports\test_results.xml ---------------------------------------------------- 
==================================================================================== 1 passed in 0.01s ===================================================================================== 
Unittest commences for D:\devel\GIT\DailyCodingChallenge\codechallenge_020.py
=================================================================================== test session starts ====================================================================================
platform win32 -- Python 3.7.8, pytest-6.2.5, py-1.11.0, pluggy-1.0.0 -- C:\Users\markn\.virtualenvs\DailyCodingChallenge-OQHayZge\Scripts\python.EXE
cachedir: .pytest_cache
rootdir: D:\devel\GIT\DailyCodingChallenge
collected 1 item                                                                                                                                                                             

codechallenge_020.py::test_code PASSED

--------------------------------------------------- generated xml file: D:\devel\GIT\DailyCodingChallenge\test_reports\test_results.xml ---------------------------------------------------- 
==================================================================================== 1 passed in 0.01s ===================================================================================== 
Unittest commences for D:\devel\GIT\DailyCodingChallenge\codechallenge_021.py
=================================================================================== test session starts ====================================================================================
platform win32 -- Python 3.7.8, pytest-6.2.5, py-1.11.0, pluggy-1.0.0 -- C:\Users\markn\.virtualenvs\DailyCodingChallenge-OQHayZge\Scripts\python.EXE
cachedir: .pytest_cache
rootdir: D:\devel\GIT\DailyCodingChallenge
collected 1 item                                                                                                                                                                             

codechallenge_021.py::test_code PASSED

===================================================================================== warnings summary ===================================================================================== 
codechallenge_021.py:36
  D:\devel\GIT\DailyCodingChallenge\codechallenge_021.py:36: DeprecationWarning: invalid escape sequence \
    '''

-- Docs: https://docs.pytest.org/en/stable/warnings.html
--------------------------------------------------- generated xml file: D:\devel\GIT\DailyCodingChallenge\test_reports\test_results.xml ---------------------------------------------------- 
=============================================================================== 1 passed, 1 warning in 0.01s =============================================================================== 
Unittest commences for D:\devel\GIT\DailyCodingChallenge\codechallenge_022.py
=================================================================================== test session starts ====================================================================================
platform win32 -- Python 3.7.8, pytest-6.2.5, py-1.11.0, pluggy-1.0.0 -- C:\Users\markn\.virtualenvs\DailyCodingChallenge-OQHayZge\Scripts\python.EXE
cachedir: .pytest_cache
rootdir: D:\devel\GIT\DailyCodingChallenge
collected 1 item                                                                                                                                                                             

codechallenge_022.py::test_code PASSED

--------------------------------------------------- generated xml file: D:\devel\GIT\DailyCodingChallenge\test_reports\test_results.xml ---------------------------------------------------- 
==================================================================================== 1 passed in 0.01s ===================================================================================== 
Unittest commences for D:\devel\GIT\DailyCodingChallenge\codechallenge_023.py
=================================================================================== test session starts ====================================================================================
platform win32 -- Python 3.7.8, pytest-6.2.5, py-1.11.0, pluggy-1.0.0 -- C:\Users\markn\.virtualenvs\DailyCodingChallenge-OQHayZge\Scripts\python.EXE
cachedir: .pytest_cache
rootdir: D:\devel\GIT\DailyCodingChallenge
collected 1 item                                                                                                                                                                             

codechallenge_023.py::test_code (bottom_half)-- row,col:(0, 98)
(bottom_half)-- row,col:(1, 96)
(bottom_half)-- row,col:(2, 94)
(bottom_half)-- row,col:(3, 92)
(bottom_half)-- row,col:(4, 90)
(bottom_half)-- row,col:(5, 88)
(bottom_half)-- row,col:(6, 86)
(bottom_half)-- row,col:(7, 84)
(bottom_half)-- row,col:(8, 82)
(bottom_half)-- row,col:(9, 80)
(bottom_half)-- row,col:(10, 78)
(bottom_half)-- row,col:(11, 76)
(bottom_half)-- row,col:(12, 74)
(bottom_half)-- row,col:(13, 72)
(bottom_half)-- row,col:(14, 70)
(bottom_half)-- row,col:(15, 68)
(bottom_half)-- row,col:(16, 66)
(bottom_half)-- row,col:(17, 64)
(bottom_half)-- row,col:(18, 62)
(bottom_half)-- row,col:(19, 60)
(bottom_half)-- row,col:(20, 58)
(bottom_half)-- row,col:(21, 56)
(bottom_half)-- row,col:(22, 54)
(bottom_half)-- row,col:(23, 52)
(bottom_half)-- row,col:(24, 50)
(bottom_half)-- row,col:(25, 48)
(bottom_half)-- row,col:(26, 46)
(bottom_half)-- row,col:(27, 44)
(bottom_half)-- row,col:(28, 42)
(bottom_half)-- row,col:(29, 40)
(bottom_half)-- row,col:(30, 38)
(bottom_half)-- row,col:(31, 36)
(bottom_half)-- row,col:(32, 34)
(bottom_half)-- row,col:(33, 32)
(bottom_half)-- row,col:(34, 30)
(bottom_half)-- row,col:(35, 28)
(bottom_half)-- row,col:(36, 26)
(bottom_half)-- row,col:(37, 24)
(bottom_half)-- row,col:(38, 22)
(bottom_half)-- row,col:(39, 20)
(bottom_half)-- row,col:(40, 18)
(bottom_half)-- row,col:(41, 16)
(bottom_half)-- row,col:(42, 14)
(bottom_half)-- row,col:(43, 12)
(bottom_half)-- row,col:(44, 10)
(bottom_half)-- row,col:(45, 8)
(bottom_half)-- row,col:(46, 6)
(bottom_half)-- row,col:(47, 4)
(bottom_half)-- row,col:(48, 2)
(bottom_half)-- row,col:(49, 0)
(top_half)-- row,col:(50, 99)
(top_half)-- row,col:(51, 97)
(top_half)-- row,col:(52, 95)
(top_half)-- row,col:(53, 93)
(top_half)-- row,col:(54, 91)
(top_half)-- row,col:(55, 89)
(top_half)-- row,col:(56, 87)
(top_half)-- row,col:(57, 85)
(top_half)-- row,col:(58, 83)
(top_half)-- row,col:(59, 81)
(top_half)-- row,col:(60, 79)
(top_half)-- row,col:(61, 77)
(top_half)-- row,col:(62, 75)
(top_half)-- row,col:(63, 73)
(top_half)-- row,col:(64, 71)
(top_half)-- row,col:(65, 69)
(top_half)-- row,col:(66, 67)
(top_half)-- row,col:(67, 65)
(top_half)-- row,col:(68, 63)
(top_half)-- row,col:(69, 61)
(top_half)-- row,col:(70, 59)
(top_half)-- row,col:(71, 57)
(top_half)-- row,col:(72, 55)
(top_half)-- row,col:(73, 53)
(top_half)-- row,col:(74, 51)
(top_half)-- row,col:(75, 49)
(top_half)-- row,col:(76, 47)
(top_half)-- row,col:(77, 45)
(top_half)-- row,col:(78, 43)
(top_half)-- row,col:(79, 41)
(top_half)-- row,col:(80, 39)
(top_half)-- row,col:(81, 37)
(top_half)-- row,col:(82, 35)
(top_half)-- row,col:(83, 33)
(top_half)-- row,col:(84, 31)
(top_half)-- row,col:(85, 29)
(top_half)-- row,col:(86, 27)
(top_half)-- row,col:(87, 25)
(top_half)-- row,col:(88, 23)
(top_half)-- row,col:(89, 21)
(top_half)-- row,col:(90, 19)
(top_half)-- row,col:(91, 17)
(top_half)-- row,col:(92, 15)
(top_half)-- row,col:(93, 13)
(top_half)-- row,col:(94, 11)
(top_half)-- row,col:(95, 9)
(top_half)-- row,col:(96, 7)
(top_half)-- row,col:(97, 5)
(top_half)-- row,col:(98, 3)
(top_half)-- row,col:(99, 1)
Queen_positions = [(0, 98), (1, 96), (2, 94), (3, 92), (4, 90), (5, 88), (6, 86), (7, 84), (8, 82), (9, 80), (10, 78), (11, 76), (12, 74), (13, 72), (14, 70), (15, 68), (16, 66), (17, 64), 
(18, 62), (19, 60), (20, 58), (21, 56), (22, 54), (23, 52), (24, 50), (25, 48), (26, 46), (27, 44), (28, 42), (29, 40), (30, 38), (31, 36), (32, 34), (33, 32), (34, 30), (35, 28), (36, 26), (37, 24), (38, 22), (39, 20), (40, 18), (41, 16), (42, 14), (43, 12), (44, 10), (45, 8), (46, 6), (47, 4), (48, 2), (49, 0), (50, 99), (51, 97), (52, 95), (53, 93), (54, 91), (55, 89), (56, 87), (57, 85), (58, 83), (59, 81), (60, 79), (61, 77), (62, 75), (63, 73), (64, 71), (65, 69), (66, 67), (67, 65), (68, 63), (69, 61), (70, 59), (71, 57), (72, 55), (73, 53), (74, 51), (75, 49), (76, 47), (77, 45), (78, 43), (79, 41), (80, 39), (81, 37), (82, 35), (83, 33), (84, 31), (85, 29), (86, 27), (87, 25), (88, 23), (89, 21), (90, 19), (91, 17), (92, 15), (93, 13), (94, 11), (95, 9), (96, 7), (97, 5), (98, 3), (99, 1)]
PASSED

--------------------------------------------------- generated xml file: D:\devel\GIT\DailyCodingChallenge\test_reports\test_results.xml ---------------------------------------------------- 
==================================================================================== 1 passed in 0.02s ===================================================================================== 
Unittest commences for D:\devel\GIT\DailyCodingChallenge\codechallenge_025.py
=================================================================================== test session starts ====================================================================================
platform win32 -- Python 3.7.8, pytest-6.2.5, py-1.11.0, pluggy-1.0.0 -- C:\Users\markn\.virtualenvs\DailyCodingChallenge-OQHayZge\Scripts\python.EXE
cachedir: .pytest_cache
rootdir: D:\devel\GIT\DailyCodingChallenge
collected 1 item                                                                                                                                                                             

codechallenge_025.py::test_code PASSED

--------------------------------------------------- generated xml file: D:\devel\GIT\DailyCodingChallenge\test_reports\test_results.xml ---------------------------------------------------- 
==================================================================================== 1 passed in 0.01s ===================================================================================== 
Unittest commences for D:\devel\GIT\DailyCodingChallenge\codechallenge_026.py
=================================================================================== test session starts ====================================================================================
platform win32 -- Python 3.7.8, pytest-6.2.5, py-1.11.0, pluggy-1.0.0 -- C:\Users\markn\.virtualenvs\DailyCodingChallenge-OQHayZge\Scripts\python.EXE
cachedir: .pytest_cache
rootdir: D:\devel\GIT\DailyCodingChallenge
collected 0 items                                                                                                                                                                            

--------------------------------------------------- generated xml file: D:\devel\GIT\DailyCodingChallenge\test_reports\test_results.xml ---------------------------------------------------- 
================================================================================== no tests ran in 0.01s =================================================================================== 
Unittest commences for D:\devel\GIT\DailyCodingChallenge\codechallenge_027.py
=================================================================================== test session starts ====================================================================================
platform win32 -- Python 3.7.8, pytest-6.2.5, py-1.11.0, pluggy-1.0.0 -- C:\Users\markn\.virtualenvs\DailyCodingChallenge-OQHayZge\Scripts\python.EXE
cachedir: .pytest_cache
rootdir: D:\devel\GIT\DailyCodingChallenge
collected 1 item                                                                                                                                                                             

codechallenge_027.py::test_getItin PASSED

--------------------------------------------------- generated xml file: D:\devel\GIT\DailyCodingChallenge\test_reports\test_results.xml ---------------------------------------------------- 
==================================================================================== 1 passed in 0.01s ===================================================================================== 
Unittest commences for D:\devel\GIT\DailyCodingChallenge\codechallenge_028.py
=================================================================================== test session starts ====================================================================================
platform win32 -- Python 3.7.8, pytest-6.2.5, py-1.11.0, pluggy-1.0.0 -- C:\Users\markn\.virtualenvs\DailyCodingChallenge-OQHayZge\Scripts\python.EXE
cachedir: .pytest_cache
rootdir: D:\devel\GIT\DailyCodingChallenge
collected 1 item                                                                                                                                                                             

codechallenge_028.py::test_get_subset PASSED

--------------------------------------------------- generated xml file: D:\devel\GIT\DailyCodingChallenge\test_reports\test_results.xml ---------------------------------------------------- 
==================================================================================== 1 passed in 0.01s ===================================================================================== 
Unittest commences for D:\devel\GIT\DailyCodingChallenge\codechallenge_029.py
=================================================================================== test session starts ====================================================================================
platform win32 -- Python 3.7.8, pytest-6.2.5, py-1.11.0, pluggy-1.0.0 -- C:\Users\markn\.virtualenvs\DailyCodingChallenge-OQHayZge\Scripts\python.EXE
cachedir: .pytest_cache
rootdir: D:\devel\GIT\DailyCodingChallenge
collected 1 item                                                                                                                                                                             

codechallenge_029.py::test_stack PASSED

--------------------------------------------------- generated xml file: D:\devel\GIT\DailyCodingChallenge\test_reports\test_results.xml ---------------------------------------------------- 
==================================================================================== 1 passed in 0.01s ===================================================================================== 
Unittest commences for D:\devel\GIT\DailyCodingChallenge\codechallenge_030.py
=================================================================================== test session starts ====================================================================================
platform win32 -- Python 3.7.8, pytest-6.2.5, py-1.11.0, pluggy-1.0.0 -- C:\Users\markn\.virtualenvs\DailyCodingChallenge-OQHayZge\Scripts\python.EXE
cachedir: .pytest_cache
rootdir: D:\devel\GIT\DailyCodingChallenge
collected 1 item                                                                                                                                                                             

codechallenge_030.py::test_inversion_count PASSED

--------------------------------------------------- generated xml file: D:\devel\GIT\DailyCodingChallenge\test_reports\test_results.xml ---------------------------------------------------- 
==================================================================================== 1 passed in 0.03s ===================================================================================== 
Unittest commences for D:\devel\GIT\DailyCodingChallenge\codechallenge_031.py
=================================================================================== test session starts ====================================================================================
platform win32 -- Python 3.7.8, pytest-6.2.5, py-1.11.0, pluggy-1.0.0 -- C:\Users\markn\.virtualenvs\DailyCodingChallenge-OQHayZge\Scripts\python.EXE
cachedir: .pytest_cache
rootdir: D:\devel\GIT\DailyCodingChallenge
collected 1 item

codechallenge_031.py::test_random7 PASSED

--------------------------------------------------- generated xml file: D:\devel\GIT\DailyCodingChallenge\test_reports\test_results.xml ---------------------------------------------------- 
==================================================================================== 1 passed in 0.01s ===================================================================================== 
Unittest commences for D:\devel\GIT\DailyCodingChallenge\codechallenge_032.py
=================================================================================== test session starts ====================================================================================
platform win32 -- Python 3.7.8, pytest-6.2.5, py-1.11.0, pluggy-1.0.0 -- C:\Users\markn\.virtualenvs\DailyCodingChallenge-OQHayZge\Scripts\python.EXE
cachedir: .pytest_cache
rootdir: D:\devel\GIT\DailyCodingChallenge
collected 1 item                                                                                                                                                                             

codechallenge_032.py::test_longest_palindrome FAILED

========================================================================================= FAILURES ========================================================================================= 
_________________________________________________________________________________ test_longest_palindrome __________________________________________________________________________________ 

    def test_longest_palindrome():
        STRINGS = ["aabcdcb", "bananas", "google", "maddashcat", "rolemimimi"]
        EXPECTED = ["bcdcb", "anana", "goog", "adda", "mimimi"]
        PLINDS = []
        for word in STRINGS:
            PLINDS.append(longest_palindrome(all_palindromes(word)))
>       assert PLINDS == EXPECTED
E       AssertionError: assert ['bcdcb', 'an...dda', 'mimim'] == ['bcdcb', 'an...da', 'mimimi']
E         At index 4 diff: 'mimim' != 'mimimi'
E         Full diff:
E         - ['bcdcb', 'anana', 'goog', 'adda', 'mimimi']
E         ?                                          -
E         + ['bcdcb', 'anana', 'goog', 'adda', 'mimim']

codechallenge_032.py:79: AssertionError
--------------------------------------------------- generated xml file: D:\devel\GIT\DailyCodingChallenge\test_reports\test_results.xml ----------------------------------------------------
================================================================================= short test summary info ================================================================================== 
FAILED codechallenge_032.py::test_longest_palindrome - AssertionError: assert ['bcdcb', 'an...dda', 'mimim'] == ['bcdcb', 'an...da', 'mimimi']
==================================================================================== 1 failed in 0.03s ===================================================================================== 
Unittest commences for D:\devel\GIT\DailyCodingChallenge\codechallenge_033.py
=================================================================================== test session starts ====================================================================================
platform win32 -- Python 3.7.8, pytest-6.2.5, py-1.11.0, pluggy-1.0.0 -- C:\Users\markn\.virtualenvs\DailyCodingChallenge-OQHayZge\Scripts\python.EXE
cachedir: .pytest_cache
rootdir: D:\devel\GIT\DailyCodingChallenge
collected 1 item

codechallenge_033.py::test_profit For maximum profit we buy at 201 and sell at 205 for the profit of 144.
For maximum profit we buy at 201 and sell at 205 for the profit of 144.
PASSED

--------------------------------------------------- generated xml file: D:\devel\GIT\DailyCodingChallenge\test_reports\test_results.xml ---------------------------------------------------- 
==================================================================================== 1 passed in 0.01s ===================================================================================== 
Unittest commences for D:\devel\GIT\DailyCodingChallenge\codechallenge_034.py
=================================================================================== test session starts ====================================================================================
platform win32 -- Python 3.7.8, pytest-6.2.5, py-1.11.0, pluggy-1.0.0 -- C:\Users\markn\.virtualenvs\DailyCodingChallenge-OQHayZge\Scripts\python.EXE
cachedir: .pytest_cache
rootdir: D:\devel\GIT\DailyCodingChallenge
collected 1 item                                                                                                                                                                             

codechallenge_034.py::test_highest_sum DBUG--(sub array): [34, -50, 42, 14, -5, 86]
DBUG--(sub array): [34, -50, 42, 14, -5]
DBUG--(sub array): [34, -50, 42, 14]
DBUG--(sub array): [34, -50, 42]
DBUG--(sub array): [34, -50]
DBUG--(sub array): [-50, 42, 14, -5, 86]
DBUG--(sub array): [-50, 42, 14, -5]
DBUG--(sub array): [-50, 42, 14]
DBUG--(sub array): [-50, 42]
DBUG--(sub array): [42, 14, -5, 86]
DBUG--(sub array): [42, 14, -5]
DBUG--(sub array): [42, 14]
DBUG--(sub array): [14, -5, 86]
DBUG--(sub array): [14, -5]
DBUG--(sub array): [-5, 86]
DBUG--(sub array): [-5, -1, -8, -9, -19]
DBUG--(sub array): [-5, -1, -8, -9]
DBUG--(sub array): [-5, -1, -8]
DBUG--(sub array): [-5, -1]
DBUG--(sub array): [-1, -8, -9, -19]
DBUG--(sub array): [-1, -8, -9]
DBUG--(sub array): [-1, -8]
DBUG--(sub array): [-8, -9, -19]
DBUG--(sub array): [-8, -9]
DBUG--(sub array): [-9, -19]
PASSED

--------------------------------------------------- generated xml file: D:\devel\GIT\DailyCodingChallenge\test_reports\test_results.xml ---------------------------------------------------- 
==================================================================================== 1 passed in 0.01s =====================================================================================
Unittest commences for D:\devel\GIT\DailyCodingChallenge\codechallenge_035.py
=================================================================================== test session starts ====================================================================================
platform win32 -- Python 3.7.8, pytest-6.2.5, py-1.11.0, pluggy-1.0.0 -- C:\Users\markn\.virtualenvs\DailyCodingChallenge-OQHayZge\Scripts\python.EXE
cachedir: .pytest_cache
rootdir: D:\devel\GIT\DailyCodingChallenge
collected 0 items / 1 error

========================================================================================== ERRORS ==========================================================================================
__________________________________________________________________________ ERROR collecting codechallenge_035.py ___________________________________________________________________________ 
ImportError while importing test module 'D:\devel\GIT\DailyCodingChallenge\codechallenge_035.py'.
Hint: make sure your test modules/packages have valid Python names.
Traceback:
D:\SoftwareTools\Microsoft Visual Studio\Shared\Python37_64\lib\importlib\__init__.py:127: in import_module
    return _bootstrap._gcd_import(name[level:], package, level)
codechallenge_035.py:46: in <module>
    import sympy
E   ModuleNotFoundError: No module named 'sympy'
===================================================================================== warnings summary ===================================================================================== 
codechallenge_035.py:44
  D:\devel\GIT\DailyCodingChallenge\codechallenge_035.py:44: DeprecationWarning: invalid escape sequence \
    '''

-- Docs: https://docs.pytest.org/en/stable/warnings.html
--------------------------------------------------- generated xml file: D:\devel\GIT\DailyCodingChallenge\test_reports\test_results.xml ---------------------------------------------------- 
================================================================================= short test summary info ================================================================================== 
ERROR codechallenge_035.py
!!!!!!!!!!!!!!!!!!!!!!!!!!!!!!!!!!!!!!!!!!!!!!!!!!!!!!!!!!!!!!!!!!!!!!!!!! Interrupted: 1 error during collection !!!!!!!!!!!!!!!!!!!!!!!!!!!!!!!!!!!!!!!!!!!!!!!!!!!!!!!!!!!!!!!!!!!!!!!!!! 
=============================================================================== 1 warning, 1 error in 0.05s ================================================================================ 
Unittest commences for D:\devel\GIT\DailyCodingChallenge\codechallenge_036.py
=================================================================================== test session starts ====================================================================================
platform win32 -- Python 3.7.8, pytest-6.2.5, py-1.11.0, pluggy-1.0.0 -- C:\Users\markn\.virtualenvs\DailyCodingChallenge-OQHayZge\Scripts\python.EXE
cachedir: .pytest_cache
rootdir: D:\devel\GIT\DailyCodingChallenge
collected 1 item                                                                                                                                                                             

codechallenge_036.py::test_dualstack_queue PASSED

--------------------------------------------------- generated xml file: D:\devel\GIT\DailyCodingChallenge\test_reports\test_results.xml ---------------------------------------------------- 
==================================================================================== 1 passed in 0.01s ===================================================================================== 
Unittest commences for D:\devel\GIT\DailyCodingChallenge\codechallenge_038.py
=================================================================================== test session starts ====================================================================================
platform win32 -- Python 3.7.8, pytest-6.2.5, py-1.11.0, pluggy-1.0.0 -- C:\Users\markn\.virtualenvs\DailyCodingChallenge-OQHayZge\Scripts\python.EXE
cachedir: .pytest_cache
rootdir: D:\devel\GIT\DailyCodingChallenge
collected 1 item

codechallenge_038.py::test_clipped_strs PASSED

--------------------------------------------------- generated xml file: D:\devel\GIT\DailyCodingChallenge\test_reports\test_results.xml ---------------------------------------------------- 
==================================================================================== 1 passed in 0.01s ===================================================================================== 
Unittest commences for D:\devel\GIT\DailyCodingChallenge\codechallenge_039.py
=================================================================================== test session starts ====================================================================================
platform win32 -- Python 3.7.8, pytest-6.2.5, py-1.11.0, pluggy-1.0.0 -- C:\Users\markn\.virtualenvs\DailyCodingChallenge-OQHayZge\Scripts\python.EXE
cachedir: .pytest_cache
rootdir: D:\devel\GIT\DailyCodingChallenge
collected 1 item                                                                                                                                                                             

codechallenge_039.py::test_searchindex PASSED

--------------------------------------------------- generated xml file: D:\devel\GIT\DailyCodingChallenge\test_reports\test_results.xml ---------------------------------------------------- 
==================================================================================== 1 passed in 0.01s ===================================================================================== 
Unittest commences for D:\devel\GIT\DailyCodingChallenge\codechallenge_040.py
=================================================================================== test session starts ====================================================================================
platform win32 -- Python 3.7.8, pytest-6.2.5, py-1.11.0, pluggy-1.0.0 -- C:\Users\markn\.virtualenvs\DailyCodingChallenge-OQHayZge\Scripts\python.EXE
cachedir: .pytest_cache
rootdir: D:\devel\GIT\DailyCodingChallenge
collected 1 item                                                                                                                                                                             

codechallenge_040.py::test_matchWordInMatrix Result: 'ruth' is found in row 2
DBUG--words_in_cols: ['jmr', 'aau', 'knt', 'eyh']
DBUG--words_in_rows: ['jake', 'many', 'ruth']
Result: 'ruth' is found in row 2
Result: 'omma' is not found.
DBUG--words_in_cols: ['jmr', 'aau', 'knt', 'eyh']
DBUG--words_in_rows: ['jake', 'many', 'ruth']
Result: 'aau' is found in column 1
DBUG--words_in_cols: ['jmr', 'aau', 'knt', 'eyh']
Result: 'aau' is found in column 1
PASSED

--------------------------------------------------- generated xml file: D:\devel\GIT\DailyCodingChallenge\test_reports\test_results.xml ---------------------------------------------------- 
==================================================================================== 1 passed in 0.01s ===================================================================================== 
Unittest commences for D:\devel\GIT\DailyCodingChallenge\codechallenge_041.py
=================================================================================== test session starts ====================================================================================
platform win32 -- Python 3.7.8, pytest-6.2.5, py-1.11.0, pluggy-1.0.0 -- C:\Users\markn\.virtualenvs\DailyCodingChallenge-OQHayZge\Scripts\python.EXE
cachedir: .pytest_cache
rootdir: D:\devel\GIT\DailyCodingChallenge
collected 1 item                                                                                                                                                                             

codechallenge_041.py::test_sublisting DBUG-- R_Total:15 L_Total:55 Half:55
PASSED

--------------------------------------------------- generated xml file: D:\devel\GIT\DailyCodingChallenge\test_reports\test_results.xml ---------------------------------------------------- 
==================================================================================== 1 passed in 0.01s ===================================================================================== 
Unittest commences for D:\devel\GIT\DailyCodingChallenge\codechallenge_042.py
=================================================================================== test session starts ====================================================================================
platform win32 -- Python 3.7.8, pytest-6.2.5, py-1.11.0, pluggy-1.0.0 -- C:\Users\markn\.virtualenvs\DailyCodingChallenge-OQHayZge\Scripts\python.EXE
cachedir: .pytest_cache
rootdir: D:\devel\GIT\DailyCodingChallenge
collected 0 items                                                                                                                                                                            

===================================================================================== warnings summary ===================================================================================== 
codechallenge_042.py:65
  D:\devel\GIT\DailyCodingChallenge\codechallenge_042.py:65: DeprecationWarning: invalid escape sequence \
    '''

-- Docs: https://docs.pytest.org/en/stable/warnings.html
--------------------------------------------------- generated xml file: D:\devel\GIT\DailyCodingChallenge\test_reports\test_results.xml ---------------------------------------------------- 
==================================================================================== 1 warning in 0.01s ==================================================================================== 
Unittest commences for D:\devel\GIT\DailyCodingChallenge\codechallenge_044.py
=================================================================================== test session starts ====================================================================================
platform win32 -- Python 3.7.8, pytest-6.2.5, py-1.11.0, pluggy-1.0.0 -- C:\Users\markn\.virtualenvs\DailyCodingChallenge-OQHayZge\Scripts\python.EXE
cachedir: .pytest_cache
rootdir: D:\devel\GIT\DailyCodingChallenge
collected 1 item

codechallenge_044.py::test_maxprod PASSED

--------------------------------------------------- generated xml file: D:\devel\GIT\DailyCodingChallenge\test_reports\test_results.xml ---------------------------------------------------- 
==================================================================================== 1 passed in 0.10s ===================================================================================== 
Unittest commences for D:\devel\GIT\DailyCodingChallenge\codechallenge_045.py
=================================================================================== test session starts ====================================================================================
platform win32 -- Python 3.7.8, pytest-6.2.5, py-1.11.0, pluggy-1.0.0 -- C:\Users\markn\.virtualenvs\DailyCodingChallenge-OQHayZge\Scripts\python.EXE
cachedir: .pytest_cache
rootdir: D:\devel\GIT\DailyCodingChallenge
collected 1 item                                                                                                                                                                             

codechallenge_045.py::test_findNthFactor PASSED

--------------------------------------------------- generated xml file: D:\devel\GIT\DailyCodingChallenge\test_reports\test_results.xml ---------------------------------------------------- 
==================================================================================== 1 passed in 0.01s ===================================================================================== 
Unittest commences for D:\devel\GIT\DailyCodingChallenge\codechallenge_100.py
=================================================================================== test session starts ====================================================================================
platform win32 -- Python 3.7.8, pytest-6.2.5, py-1.11.0, pluggy-1.0.0 -- C:\Users\markn\.virtualenvs\DailyCodingChallenge-OQHayZge\Scripts\python.EXE
cachedir: .pytest_cache
rootdir: D:\devel\GIT\DailyCodingChallenge
collected 3 items

codechallenge_100.py::TestFindNumber::test_FindNumber codechallenge_100.TestFindNumber.test_FindNumber: 0.000
PASSED
codechallenge_100.py::test_FindNumberSequentially ERROR
codechallenge_100.py::test_FindNumberShorthand ERROR

========================================================================================== ERRORS ========================================================================================== 
______________________________________________________________________ ERROR at setup of test_FindNumberSequentially _______________________________________________________________________ 
file D:\devel\GIT\DailyCodingChallenge\codechallenge_100.py, line 66
  def test_FindNumberSequentially(arr, k):
E       fixture 'arr' not found
>       available fixtures: cache, capfd, capfdbinary, caplog, capsys, capsysbinary, doctest_namespace, monkeypatch, pytestconfig, record_property, record_testsuite_property, record_xml_attribute, recwarn, tmp_path, tmp_path_factory, tmpdir, tmpdir_factory
>       use 'pytest --fixtures [testpath]' for help on them.

D:\devel\GIT\DailyCodingChallenge\codechallenge_100.py:66
________________________________________________________________________ ERROR at setup of test_FindNumberShorthand ________________________________________________________________________ 
file D:\devel\GIT\DailyCodingChallenge\codechallenge_100.py, line 68
  def test_FindNumberShorthand(arr, k):
E       fixture 'arr' not found
>       available fixtures: cache, capfd, capfdbinary, caplog, capsys, capsysbinary, doctest_namespace, monkeypatch, pytestconfig, record_property, record_testsuite_property, record_xml_attribute, recwarn, tmp_path, tmp_path_factory, tmpdir, tmpdir_factory
>       use 'pytest --fixtures [testpath]' for help on them.

D:\devel\GIT\DailyCodingChallenge\codechallenge_100.py:68
--------------------------------------------------- generated xml file: D:\devel\GIT\DailyCodingChallenge\test_reports\test_results.xml ---------------------------------------------------- 
================================================================================= short test summary info ================================================================================== 
ERROR codechallenge_100.py::test_FindNumberSequentially
ERROR codechallenge_100.py::test_FindNumberShorthand
=============================================================================== 1 passed, 2 errors in 0.05s ================================================================================ 
Unittest commences for D:\devel\GIT\DailyCodingChallenge\codechallenge_101.py
=================================================================================== test session starts ====================================================================================
platform win32 -- Python 3.7.8, pytest-6.2.5, py-1.11.0, pluggy-1.0.0 -- C:\Users\markn\.virtualenvs\DailyCodingChallenge-OQHayZge\Scripts\python.EXE
cachedir: .pytest_cache
rootdir: D:\devel\GIT\DailyCodingChallenge
collected 0 items                                                                                                                                                                            

--------------------------------------------------- generated xml file: D:\devel\GIT\DailyCodingChallenge\test_reports\test_results.xml ---------------------------------------------------- 
================================================================================== no tests ran in 0.01s =================================================================================== 
Unittest commences for D:\devel\GIT\DailyCodingChallenge\codechallenge_102.py
=================================================================================== test session starts ====================================================================================
platform win32 -- Python 3.7.8, pytest-6.2.5, py-1.11.0, pluggy-1.0.0 -- C:\Users\markn\.virtualenvs\DailyCodingChallenge-OQHayZge\Scripts\python.EXE
cachedir: .pytest_cache
rootdir: D:\devel\GIT\DailyCodingChallenge
collected 1 item                                                                                                                                                                             

codechallenge_102.py::TestDecoder::test_decode ['ak', 'aaa', 'ka']
['al', 'ua', 'abaa', 'ak', 'ka']
['al', 'ua', 'abcd']
PASSED

--------------------------------------------------- generated xml file: D:\devel\GIT\DailyCodingChallenge\test_reports\test_results.xml ---------------------------------------------------- 
==================================================================================== 1 passed in 0.01s ===================================================================================== 
Unittest commences for D:\devel\GIT\DailyCodingChallenge\codechallenge_103.py
=================================================================================== test session starts ====================================================================================
platform win32 -- Python 3.7.8, pytest-6.2.5, py-1.11.0, pluggy-1.0.0 -- C:\Users\markn\.virtualenvs\DailyCodingChallenge-OQHayZge\Scripts\python.EXE
cachedir: .pytest_cache
rootdir: D:\devel\GIT\DailyCodingChallenge
collected 9 items                                                                                                                                                                            

codechallenge_103.py::TestOrderLog::test_MultiLog Unit test (Singly linked list):
        RecordID at Idx#3: O-6493607661
        Last recordID:  O-4634147442
Unit test (Stack):
        Last recordID:  O-4559867484
Unit test (Queue):
        RecordID at Idx#500: O-2081321054
        Last recordID:  O-4347252395
codechallenge_103.TestOrderLog.test_MultiLog: 3.063
PASSED
codechallenge_103.py::TestOrderLog::test_Queue Unit test (Queue):
        RecordID at Idx#500: O-2130432802
        Last recordID:  O-3510069928
codechallenge_103.TestOrderLog.test_Queue: 1.019
PASSED
codechallenge_103.py::TestOrderLog::test_SinglyLinkedList Unit test (Singly linked list):
        RecordID at Idx#3: O-1123548545
        Last recordID:  O-7342870584
codechallenge_103.TestOrderLog.test_SinglyLinkedList: 1.042
PASSED
codechallenge_103.py::TestOrderLog::test_Stack Unit test (Stack):
        Last recordID:  O-4049736857
codechallenge_103.TestOrderLog.test_Stack: 1.004
PASSED
codechallenge_103.py::test_SinlglyLinkedList Unit test (Singly linked list):
        RecordID at Idx#3: O-9818764328
        Last recordID:  O-6130227638
PASSED
codechallenge_103.py::test_Queue Unit test (Queue):
        RecordID at Idx#500: O-3682680277
        Last recordID:  O-9463386863
PASSED
codechallenge_103.py::test_Stack Unit test (Stack):
        Last recordID:  O-5450450672
PASSED
codechallenge_103.py::TestQueue::test_Queue Unit test (Queue):
        RecordID at Idx#500: O-5299163700
        Last recordID:  O-3004509926
PASSED
codechallenge_103.py::TestStack::test_Stack Unit test (Stack):
        Last recordID:  O-4183693889
PASSED

===================================================================================== warnings summary ===================================================================================== 
codechallenge_103.py:276
  D:\devel\GIT\DailyCodingChallenge\codechallenge_103.py:276: DeprecationWarning: invalid escape sequence \d
    '''

-- Docs: https://docs.pytest.org/en/stable/warnings.html
--------------------------------------------------- generated xml file: D:\devel\GIT\DailyCodingChallenge\test_reports\test_results.xml ---------------------------------------------------- 
=============================================================================== 9 passed, 1 warning in 6.20s =============================================================================== 
Unittest commences for D:\devel\GIT\DailyCodingChallenge\codechallenge_104.py
=================================================================================== test session starts ====================================================================================
platform win32 -- Python 3.7.8, pytest-6.2.5, py-1.11.0, pluggy-1.0.0 -- C:\Users\markn\.virtualenvs\DailyCodingChallenge-OQHayZge\Scripts\python.EXE
cachedir: .pytest_cache
rootdir: D:\devel\GIT\DailyCodingChallenge
collected 0 items / 1 error

========================================================================================== ERRORS ==========================================================================================
__________________________________________________________________________ ERROR collecting codechallenge_104.py ___________________________________________________________________________ 
C:\Users\markn\.virtualenvs\DailyCodingChallenge-OQHayZge\lib\site-packages\_pytest\python.py:578: in _importtestmodule
    mod = import_path(self.fspath, mode=importmode)
C:\Users\markn\.virtualenvs\DailyCodingChallenge-OQHayZge\lib\site-packages\_pytest\pathlib.py:524: in import_path
    importlib.import_module(module_name)
D:\SoftwareTools\Microsoft Visual Studio\Shared\Python37_64\lib\importlib\__init__.py:127: in import_module
    return _bootstrap._gcd_import(name[level:], package, level)
<frozen importlib._bootstrap>:1006: in _gcd_import
    ???
<frozen importlib._bootstrap>:983: in _find_and_load
    ???
<frozen importlib._bootstrap>:967: in _find_and_load_unlocked
    ???
<frozen importlib._bootstrap>:677: in _load_unlocked
    ???
C:\Users\markn\.virtualenvs\DailyCodingChallenge-OQHayZge\lib\site-packages\_pytest\assertion\rewrite.py:161: in exec_module
    source_stat, co = _rewrite_test(fn, self.config)
C:\Users\markn\.virtualenvs\DailyCodingChallenge-OQHayZge\lib\site-packages\_pytest\assertion\rewrite.py:354: in _rewrite_test
    tree = ast.parse(source, filename=fn_)
D:\SoftwareTools\Microsoft Visual Studio\Shared\Python37_64\lib\ast.py:35: in parse
    return compile(source, filename, mode, PyCF_ONLY_AST)
E     File "D:\devel\GIT\DailyCodingChallenge\codechallenge_104.py", line 88
E       x.count('\t', 0, len(x)):
E                               ^
E   SyntaxError: invalid syntax
--------------------------------------------------- generated xml file: D:\devel\GIT\DailyCodingChallenge\test_reports\test_results.xml ---------------------------------------------------- 
================================================================================= short test summary info ================================================================================== 
ERROR codechallenge_104.py
!!!!!!!!!!!!!!!!!!!!!!!!!!!!!!!!!!!!!!!!!!!!!!!!!!!!!!!!!!!!!!!!!!!!!!!!!! Interrupted: 1 error during collection !!!!!!!!!!!!!!!!!!!!!!!!!!!!!!!!!!!!!!!!!!!!!!!!!!!!!!!!!!!!!!!!!!!!!!!!!! 
===================================================================================== 1 error in 0.11s ===================================================================================== 
Unittest commences for D:\devel\GIT\DailyCodingChallenge\codechallenge_105.py
=================================================================================== test session starts ====================================================================================
platform win32 -- Python 3.7.8, pytest-6.2.5, py-1.11.0, pluggy-1.0.0 -- C:\Users\markn\.virtualenvs\DailyCodingChallenge-OQHayZge\Scripts\python.EXE
cachedir: .pytest_cache
rootdir: D:\devel\GIT\DailyCodingChallenge
collected 1 item                                                                                                                                                                             

codechallenge_105.py::TestCodeChallenge105::test_IpAddresses codechallenge_105.TestCodeChallenge105.test_IpAddresses: 1.003
PASSED

--------------------------------------------------- generated xml file: D:\devel\GIT\DailyCodingChallenge\test_reports\test_results.xml ---------------------------------------------------- 
==================================================================================== 1 passed in 1.03s =====================================================================================
Unittest commences for D:\devel\GIT\DailyCodingChallenge\codechallenge_106.py
=================================================================================== test session starts ====================================================================================
platform win32 -- Python 3.7.8, pytest-6.2.5, py-1.11.0, pluggy-1.0.0 -- C:\Users\markn\.virtualenvs\DailyCodingChallenge-OQHayZge\Scripts\python.EXE
cachedir: .pytest_cache
rootdir: D:\devel\GIT\DailyCodingChallenge
collected 1 item                                                                                                                                                                             

codechallenge_106.py::TestAnagrams::test_anagrams {'d': 1, 'a': 1, 'n': 1, 'g': 1, 'e': 1, 'r': 1}
{'g': 1, 'a': 1, 'r': 1, 'd': 1, 'e': 1, 'n': 1}
{'s': 1, 'p': 1, 'a': 1, 'r': 1, 'k': 1}
{'k': 1, 'r': 1, 'a': 1, 'p': 1, 's': 1}
{'R': 1, 'o': 1, 'l': 1, 'a': 1, 'n': 1, 'd': 1}
{'D': 1, 'o': 1, 'r': 1, 'n': 1, 'a': 1, 'l': 1}
codechallenge_106.TestAnagrams.test_anagrams: 1.012
PASSED

--------------------------------------------------- generated xml file: D:\devel\GIT\DailyCodingChallenge\test_reports\test_results.xml ---------------------------------------------------- 
==================================================================================== 1 passed in 1.02s ===================================================================================== 
Unittest commences for D:\devel\GIT\DailyCodingChallenge\codechallenge_107.py
=================================================================================== test session starts ====================================================================================
platform win32 -- Python 3.7.8, pytest-6.2.5, py-1.11.0, pluggy-1.0.0 -- C:\Users\markn\.virtualenvs\DailyCodingChallenge-OQHayZge\Scripts\python.EXE
cachedir: .pytest_cache
rootdir: D:\devel\GIT\DailyCodingChallenge
collecting ... pygame 2.1.2 (SDL 2.0.18, Python 3.7.8)
Hello from the pygame community. https://www.pygame.org/contribute.html
collected 0 items

--------------------------------------------------- generated xml file: D:\devel\GIT\DailyCodingChallenge\test_reports\test_results.xml ---------------------------------------------------- 
================================================================================== no tests ran in 2.98s =================================================================================== 
Unittest commences for D:\devel\GIT\DailyCodingChallenge\module_unittests.py
=================================================================================== test session starts ====================================================================================
platform win32 -- Python 3.7.8, pytest-6.2.5, py-1.11.0, pluggy-1.0.0 -- C:\Users\markn\.virtualenvs\DailyCodingChallenge-OQHayZge\Scripts\python.EXE
cachedir: .pytest_cache
rootdir: D:\devel\GIT\DailyCodingChallenge
collected 12 items                                                                                                                                                                           

module_unittests.py::TestCodeChallenges::test_codChallenge005 PASSED
module_unittests.py::TestCodeChallenges::test_codeChallenge001 PASSED
module_unittests.py::TestCodeChallenges::test_codeChallenge002 [2, 3, 6]
[120, 60, 40, 30, 24]
PASSED
module_unittests.py::TestCodeChallenges::test_codeChallenge004 PASSED
module_unittests.py::TestCodeChallenges::test_codeChallenge006 PASSED
module_unittests.py::TestCodeChallenges::test_codeChallenge008 Random generated schedule: [(2, 92), (4, 51), (6, 54), (7, 64), (9, 92), (10, 94), (13, 83), (14, 105), (16, 47), (18, 84), (19, 101), (21, 37), (24, 122), (25, 114), (28, 94), (29, 106), (30, 67), (31, 118), (34, 122), (35, 129), (36, 98), (38, 46), (39, 82), (40, 45), (41, 52), (42, 110), (43, 106), (45, 87), (46, 121), (47, 141), (48, 68), (50, 109), (52, 137), (53, 149), (54, 98), (55, 118), (56, 84), (57, 108), (59, 127), (60, 115), (62, 120), (63, 149), (64, 98), (66, 116), (68, 153), (70, 96), (72, 157), (74, 82), (75, 138), (76, 129), (77, 149), (78, 98), (81, 83), (82, 96), (85, 107), (86, 185), (87, 123), (89, 148), (90, 102), (91, 186), (92, 185), (94, 182), (95, 151), (99, 154)]
Number of required room(s): 63
PASSED
module_unittests.py::TestCodeChallenges::test_codeChallenge009 PASSED
module_unittests.py::TestCodeChallenges::test_codeChallenge010 PASSED
module_unittests.py::TestCodeChallenges::test_codeChallenge011  -> (3,0) -> (2,0) -> (2,1) -> (2,2) -> (1,2) -> (0,2) -> (0,1) -> (0,0)
PASSED
module_unittests.py::TestCodeChallenges::test_codeChallenge012 the  quick brown
fox   jumps over
the    lazy  dog
PASSED
module_unittests.py::TestCodeChallenges::test_codeChallenge013 PASSED
module_unittests.py::TestCodeChallenges::test_codeChallenge016 PASSED

--------------------------------------------------- generated xml file: D:\devel\GIT\DailyCodingChallenge\test_reports\test_results.xml ---------------------------------------------------- 
==================================================================================== 12 passed in 0.03s ==================================================================================== 
Following files will be zipped:
./test_reports\TestResults___main__.TestAnagrams_2022-01-16_21-17-22.html
./test_reports\TestResults___main__.TestCodeChallenge105_2022-01-16_21-17-30.html
./test_reports\TestResults___main__.TestFindNumber_2022-01-16_21-18-00.html
./test_reports\TestResults___main__.TestOrderLog_2022-01-16_21-17-37.html
./test_reports\TestResults___main__.TestQueue_2022-01-16_21-17-37.html
./test_reports\test_results.xml
All files zipped successfully!
test_reports/TestResults___main__.TestAnagrams_2022-01-16_21-17-22.html
        Modified:       2022-01-16 21:17:22
        System:         0(0 = Windows, 3 = Unix)
        ZIP version:    20
        Compressed:     3413 bytes
        Uncompressed:   3413 bytes
test_reports/TestResults___main__.TestCodeChallenge105_2022-01-16_21-17-30.html
        Modified:       2022-01-16 21:17:32
        System:         0(0 = Windows, 3 = Unix)
        ZIP version:    20
        Compressed:     3955 bytes
        Uncompressed:   3955 bytes
test_reports/TestResults___main__.TestFindNumber_2022-01-16_21-18-00.html
        Modified:       2022-01-16 21:18:00
        System:         0(0 = Windows, 3 = Unix)
        ZIP version:    20
        Compressed:     3173 bytes
        Uncompressed:   3173 bytes
test_reports/TestResults___main__.TestOrderLog_2022-01-16_21-17-37.html
        Modified:       2022-01-16 21:17:42
        System:         0(0 = Windows, 3 = Unix)
        ZIP version:    20
        Compressed:     5855 bytes
        Uncompressed:   5855 bytes
test_reports/TestResults___main__.TestQueue_2022-01-16_21-17-37.html
        Modified:       2022-01-16 21:17:42
        System:         0(0 = Windows, 3 = Unix)
        ZIP version:    20
        Compressed:     3162 bytes
        Uncompressed:   3162 bytes
test_reports/test_results.xml
        Modified:       2022-01-16 22:10:02
        System:         0(0 = Windows, 3 = Unix)
        ZIP version:    20
        Compressed:     1449 bytes
        Uncompressed:   1449 bytes